[0m14:00:26.899670 [debug] [MainThread]: Sending event: {'category': 'dbt', 'action': 'invocation', 'label': 'start', 'context': [<snowplow_tracker.self_describing_json.SelfDescribingJson object at 0x104880b30>, <snowplow_tracker.self_describing_json.SelfDescribingJson object at 0x1066f5bb0>, <snowplow_tracker.self_describing_json.SelfDescribingJson object at 0x106760ce0>]}


============================== 14:00:26.902044 | a2db26f2-3b47-4dc3-86d5-d399fc188be3 ==============================
[0m14:00:26.902044 [info ] [MainThread]: Running with dbt=1.9.4
[0m14:00:26.902313 [debug] [MainThread]: running dbt with arguments {'printer_width': '80', 'indirect_selection': 'eager', 'write_json': 'True', 'log_cache_events': 'False', 'partial_parse': 'True', 'cache_selected_only': 'False', 'warn_error': 'None', 'version_check': 'True', 'fail_fast': 'False', 'log_path': 'logs', 'debug': 'False', 'profiles_dir': '/Users/roylea/.dbt', 'use_colors': 'True', 'use_experimental_parser': 'False', 'no_print': 'None', 'quiet': 'False', 'empty': 'None', 'warn_error_options': 'WarnErrorOptions(include=[], exclude=[])', 'invocation_command': 'dbt init .', 'introspect': 'True', 'static_parser': 'True', 'target_path': 'None', 'log_format': 'default', 'send_anonymous_usage_stats': 'True'}
[0m14:03:40.694840 [debug] [MainThread]: Starter project path: /Library/Frameworks/Python.framework/Versions/3.12/lib/python3.12/site-packages/dbt/include/starter_project
[0m14:03:40.708718 [info ] [MainThread]: 
Your new dbt project "tkww_data_engineer" was created!

For more information on how to configure the profiles.yml file,
please consult the dbt documentation here:

  https://docs.getdbt.com/docs/configure-your-profile

One more thing:

Need help? Don't hesitate to reach out to us via GitHub issues or on Slack:

  https://community.getdbt.com/

Happy modeling!

[0m14:03:40.709437 [info ] [MainThread]: Setting up your profile.
[0m14:05:50.054100 [info ] [MainThread]: Profile tkww_data_engineer written to /Users/roylea/.dbt/profiles.yml using target's profile_template.yml and your supplied values. Run 'dbt debug' to validate the connection.
[0m14:05:50.085615 [debug] [MainThread]: Resource report: {"command_name": "init", "command_success": true, "command_wall_clock_time": 323.21442, "process_in_blocks": "0", "process_kernel_time": 0.116558, "process_mem_max_rss": "100515840", "process_out_blocks": "0", "process_user_time": 0.564731}
[0m14:05:50.086383 [debug] [MainThread]: Command `dbt init` succeeded at 14:05:50.086222 after 323.22 seconds
[0m14:05:50.086917 [debug] [MainThread]: Sending event: {'category': 'dbt', 'action': 'invocation', 'label': 'end', 'context': [<snowplow_tracker.self_describing_json.SelfDescribingJson object at 0x1056a88f0>, <snowplow_tracker.self_describing_json.SelfDescribingJson object at 0x102916d50>, <snowplow_tracker.self_describing_json.SelfDescribingJson object at 0x107377440>]}
[0m14:05:50.087180 [debug] [MainThread]: Flushing usage events
[0m14:05:50.622990 [debug] [MainThread]: An error was encountered while trying to flush usage events
[0m14:17:11.601315 [debug] [MainThread]: Sending event: {'category': 'dbt', 'action': 'invocation', 'label': 'start', 'context': [<snowplow_tracker.self_describing_json.SelfDescribingJson object at 0x108bd31a0>, <snowplow_tracker.self_describing_json.SelfDescribingJson object at 0x1085c58b0>, <snowplow_tracker.self_describing_json.SelfDescribingJson object at 0x1085c5430>]}


============================== 14:17:11.603737 | 7d7a41f4-95ce-4745-a0c2-db127014a740 ==============================
[0m14:17:11.603737 [info ] [MainThread]: Running with dbt=1.9.4
[0m14:17:11.603999 [debug] [MainThread]: running dbt with arguments {'printer_width': '80', 'indirect_selection': 'eager', 'log_cache_events': 'False', 'write_json': 'True', 'partial_parse': 'True', 'cache_selected_only': 'False', 'profiles_dir': '/Users/roylea/Documents/GitHub/tkww_data_engineer/dbt', 'fail_fast': 'False', 'warn_error': 'None', 'log_path': 'logs', 'debug': 'False', 'version_check': 'True', 'use_colors': 'True', 'use_experimental_parser': 'False', 'empty': 'False', 'quiet': 'False', 'no_print': 'None', 'log_format': 'default', 'invocation_command': 'dbt run', 'warn_error_options': 'WarnErrorOptions(include=[], exclude=[])', 'static_parser': 'True', 'target_path': 'None', 'introspect': 'True', 'send_anonymous_usage_stats': 'True'}
[0m14:17:11.604265 [error] [MainThread]: Encountered an error:
Runtime Error
  No dbt_project.yml found at expected path /Users/roylea/Documents/GitHub/tkww_data_engineer/dbt/dbt_project.yml
  Verify that each entry within packages.yml (and their transitive dependencies) contains a file named dbt_project.yml
  
[0m14:17:11.605641 [debug] [MainThread]: Resource report: {"command_name": "run", "command_success": false, "command_wall_clock_time": 0.030030709, "process_in_blocks": "0", "process_kernel_time": 0.084013, "process_mem_max_rss": "97927168", "process_out_blocks": "0", "process_user_time": 0.483572}
[0m14:17:11.605809 [debug] [MainThread]: Command `dbt run` failed at 14:17:11.605775 after 0.03 seconds
[0m14:17:11.605950 [debug] [MainThread]: Sending event: {'category': 'dbt', 'action': 'invocation', 'label': 'end', 'context': [<snowplow_tracker.self_describing_json.SelfDescribingJson object at 0x109091550>, <snowplow_tracker.self_describing_json.SelfDescribingJson object at 0x1088ea600>, <snowplow_tracker.self_describing_json.SelfDescribingJson object at 0x10762bad0>]}
[0m14:17:11.606071 [debug] [MainThread]: Flushing usage events
[0m14:17:12.143803 [debug] [MainThread]: An error was encountered while trying to flush usage events
